<?xml version="1.0" encoding="UTF-8"?>
<!-- Generated by org.testng.reporters.JUnitReportReporter -->
<testsuite hostname="MacBook-Pro-Ivan.local" failures="0" tests="4" name="CalculatorNGTests" time="0.001" errors="0" timestamp="2024-12-13T05:41:04 MSK" skipped="0">
  <testcase classname="CalculatorNGTests" name="testDivide" time="0.000"/>
  <testcase classname="CalculatorNGTests" name="testMultiply" time="0.000"/>
  <testcase classname="CalculatorNGTests" name="testAdd" time="0.000"/>
  <testcase classname="CalculatorNGTests" name="testSubtract" time="0.001"/>
</testsuite> <!-- CalculatorNGTests -->
