<?xml version="1.0" encoding="UTF-8"?>
<!-- Generated by org.testng.reporters.JUnitReportReporter -->
<testsuite hostname="MacBook-Pro-Ivan.local" failures="0" tests="5" name="RectangleNGTests" time="0.002" errors="0" timestamp="2024-12-13T05:41:04 MSK" skipped="0">
  <testcase classname="RectangleNGTests" name="testGetArea" time="0.002"/>
  <testcase classname="RectangleNGTests" name="testSetLength" time="0.000"/>
  <testcase classname="RectangleNGTests" name="testGetLength" time="0.000"/>
  <testcase classname="RectangleNGTests" name="testSetWidth" time="0.000"/>
  <testcase classname="RectangleNGTests" name="testGetWidth" time="0.000"/>
</testsuite> <!-- RectangleNGTests -->
