<?xml version="1.0" encoding="UTF-8"?>
<testsuite xmlns:xsi="http://www.w3.org/2001/XMLSchema-instance" xsi:noNamespaceSchemaLocation="https://maven.apache.org/surefire/maven-surefire-plugin/xsd/surefire-test-report-3.0.xsd" version="3.0" name="TestSuite" time="0.243" tests="20" errors="0" skipped="0" failures="0">
  <properties>
    <property name="java.specification.version" value="23"/>
    <property name="sun.jnu.encoding" value="UTF-8"/>
    <property name="java.class.path" value="/Users/ivan/IdeaProjects/UnitTestsDummy/target/test-classes:/Users/ivan/IdeaProjects/UnitTestsDummy/target/classes:/Users/ivan/.m2/repository/junit/junit/4.13.2/junit-4.13.2.jar:/Users/ivan/.m2/repository/org/hamcrest/hamcrest-core/1.3/hamcrest-core-1.3.jar:/Users/ivan/.m2/repository/org/testng/testng/7.8.0/testng-7.8.0.jar:/Users/ivan/.m2/repository/org/slf4j/slf4j-api/1.7.36/slf4j-api-1.7.36.jar:/Users/ivan/.m2/repository/com/beust/jcommander/1.82/jcommander-1.82.jar:/Users/ivan/.m2/repository/org/webjars/jquery/3.6.1/jquery-3.6.1.jar:"/>
    <property name="java.vm.vendor" value="Homebrew"/>
    <property name="sun.arch.data.model" value="64"/>
    <property name="java.vendor.url" value="https://github.com/Homebrew/homebrew-core/issues"/>
    <property name="user.timezone" value="Europe/Minsk"/>
    <property name="os.name" value="Mac OS X"/>
    <property name="java.vm.specification.version" value="23"/>
    <property name="sun.java.launcher" value="SUN_STANDARD"/>
    <property name="user.country" value="BY"/>
    <property name="sun.boot.library.path" value="/opt/homebrew/Cellar/openjdk/23.0.1/libexec/openjdk.jdk/Contents/Home/lib"/>
    <property name="sun.java.command" value="/Users/ivan/IdeaProjects/UnitTestsDummy/target/surefire/surefirebooter-20241213054103656_3.jar /Users/ivan/IdeaProjects/UnitTestsDummy/target/surefire 2024-12-13T05-41-03_615-jvmRun1 surefire-20241213054103656_1tmp surefire_0-20241213054103656_2tmp"/>
    <property name="jdk.debug" value="release"/>
    <property name="surefire.test.class.path" value="/Users/ivan/IdeaProjects/UnitTestsDummy/target/test-classes:/Users/ivan/IdeaProjects/UnitTestsDummy/target/classes:/Users/ivan/.m2/repository/junit/junit/4.13.2/junit-4.13.2.jar:/Users/ivan/.m2/repository/org/hamcrest/hamcrest-core/1.3/hamcrest-core-1.3.jar:/Users/ivan/.m2/repository/org/testng/testng/7.8.0/testng-7.8.0.jar:/Users/ivan/.m2/repository/org/slf4j/slf4j-api/1.7.36/slf4j-api-1.7.36.jar:/Users/ivan/.m2/repository/com/beust/jcommander/1.82/jcommander-1.82.jar:/Users/ivan/.m2/repository/org/webjars/jquery/3.6.1/jquery-3.6.1.jar:"/>
    <property name="sun.cpu.endian" value="little"/>
    <property name="user.home" value="/Users/ivan"/>
    <property name="user.language" value="ru"/>
    <property name="java.specification.vendor" value="Oracle Corporation"/>
    <property name="java.version.date" value="2024-10-15"/>
    <property name="java.home" value="/opt/homebrew/Cellar/openjdk/23.0.1/libexec/openjdk.jdk/Contents/Home"/>
    <property name="file.separator" value="/"/>
    <property name="basedir" value="/Users/ivan/IdeaProjects/UnitTestsDummy"/>
    <property name="java.vm.compressedOopsMode" value="Zero based"/>
    <property name="line.separator" value="&#10;"/>
    <property name="java.vm.specification.vendor" value="Oracle Corporation"/>
    <property name="java.specification.name" value="Java Platform API Specification"/>
    <property name="apple.awt.application.name" value="ForkedBooter"/>
    <property name="surefire.real.class.path" value="/Users/ivan/IdeaProjects/UnitTestsDummy/target/surefire/surefirebooter-20241213054103656_3.jar"/>
    <property name="sun.management.compiler" value="HotSpot 64-Bit Tiered Compilers"/>
    <property name="java.runtime.version" value="23.0.1"/>
    <property name="user.name" value="ivan"/>
    <property name="stdout.encoding" value="UTF-8"/>
    <property name="path.separator" value=":"/>
    <property name="os.version" value="15.1.1"/>
    <property name="java.runtime.name" value="OpenJDK Runtime Environment"/>
    <property name="file.encoding" value="UTF-8"/>
    <property name="java.vm.name" value="OpenJDK 64-Bit Server VM"/>
    <property name="java.vendor.version" value="Homebrew"/>
    <property name="localRepository" value="/Users/ivan/.m2/repository"/>
    <property name="java.vendor.url.bug" value="https://github.com/Homebrew/homebrew-core/issues"/>
    <property name="java.io.tmpdir" value="/var/folders/4x/djzdnkts61x50bb_ddz_jfk80000gn/T/"/>
    <property name="java.version" value="23.0.1"/>
    <property name="user.dir" value="/Users/ivan/IdeaProjects/UnitTestsDummy"/>
    <property name="os.arch" value="aarch64"/>
    <property name="java.vm.specification.name" value="Java Virtual Machine Specification"/>
    <property name="native.encoding" value="UTF-8"/>
    <property name="java.library.path" value="/Users/ivan/Library/Java/Extensions:/Library/Java/Extensions:/Network/Library/Java/Extensions:/System/Library/Java/Extensions:/usr/lib/java:."/>
    <property name="java.vm.info" value="mixed mode, sharing"/>
    <property name="stderr.encoding" value="UTF-8"/>
    <property name="java.vendor" value="Homebrew"/>
    <property name="java.vm.version" value="23.0.1"/>
    <property name="sun.io.unicode.encoding" value="UnicodeBig"/>
    <property name="java.class.version" value="67.0"/>
  </properties>
  <testcase name="testGetArea" classname="RectangleNGTests" time="0.002">
    <system-err><![CDATA[SLF4J: Failed to load class "org.slf4j.impl.StaticLoggerBinder".
SLF4J: Defaulting to no-operation (NOP) logger implementation
SLF4J: See http://www.slf4j.org/codes.html#StaticLoggerBinder for further details.
]]></system-err>
  </testcase>
  <testcase name="testGetLength" classname="RectangleNGTests" time="0.0"/>
  <testcase name="testGetWidth" classname="RectangleNGTests" time="0.0"/>
  <testcase name="testSetLength" classname="RectangleNGTests" time="0.0"/>
  <testcase name="testSetWidth" classname="RectangleNGTests" time="0.0"/>
  <testcase name="testEvenOddChecker" classname="EvenOddCheckerNGTests" time="0.0">
    <system-out><![CDATA[Enter an Integer number:
Entered number is even
Enter an Integer number:
Entered number is odd
Enter an Integer number:
Entered number is even
Enter an Integer number:
Entered number is even
Enter an Integer number:
Entered number is odd
]]></system-out>
  </testcase>
  <testcase name="testAdd" classname="CalculatorNGTests" time="0.001"/>
  <testcase name="testDivide" classname="CalculatorNGTests" time="0.0"/>
  <testcase name="testMultiply" classname="CalculatorNGTests" time="0.0"/>
  <testcase name="testSubtract" classname="CalculatorNGTests" time="0.0"/>
  <testcase name="testEvenOddChecker on testEvenOddChecker(EvenOddCheckerUnitTests)" classname="EvenOddCheckerUnitTests" time="0.001">
    <system-out><![CDATA[Enter an Integer number:
Entered number is even
Enter an Integer number:
Entered number is odd
Enter an Integer number:
Entered number is even
Enter an Integer number:
Entered number is even
Enter an Integer number:
Entered number is odd
]]></system-out>
  </testcase>
  <testcase name="testGetWidth on testGetWidth(RectangleUnitTests)" classname="RectangleUnitTests" time="0.0"/>
  <testcase name="testGetArea on testGetArea(RectangleUnitTests)" classname="RectangleUnitTests" time="0.0"/>
  <testcase name="testSetLength on testSetLength(RectangleUnitTests)" classname="RectangleUnitTests" time="0.0"/>
  <testcase name="testGetLength on testGetLength(RectangleUnitTests)" classname="RectangleUnitTests" time="0.0"/>
  <testcase name="testSetWidth on testSetWidth(RectangleUnitTests)" classname="RectangleUnitTests" time="0.0"/>
  <testcase name="testAdd on testAdd(CalculatorUnitTests)" classname="CalculatorUnitTests" time="0.0"/>
  <testcase name="testSubtract on testSubtract(CalculatorUnitTests)" classname="CalculatorUnitTests" time="0.0"/>
  <testcase name="testDivide on testDivide(CalculatorUnitTests)" classname="CalculatorUnitTests" time="0.0"/>
  <testcase name="testMultiply on testMultiply(CalculatorUnitTests)" classname="CalculatorUnitTests" time="0.0"/>
</testsuite>