<?xml version="1.0" encoding="UTF-8"?>
<!-- Generated by org.testng.reporters.JUnitReportReporter -->
<testsuite hostname="MacBook-Pro-Ivan.local" failures="0" tests="4" name="CalculatorUnitTests" time="0.004" errors="0" timestamp="2024-12-13T05:41:04 MSK" skipped="0">
  <testcase classname="CalculatorUnitTests" name="testDivide" time="0.001"/>
  <testcase classname="CalculatorUnitTests" name="testMultiply" time="0.001"/>
  <testcase classname="CalculatorUnitTests" name="testAdd" time="0.001"/>
  <testcase classname="CalculatorUnitTests" name="testSubtract" time="0.001"/>
</testsuite> <!-- CalculatorUnitTests -->
