<?xml version="1.0" encoding="UTF-8"?>
<!-- Generated by org.testng.reporters.JUnitReportReporter -->
<testsuite hostname="MacBook-Pro-Ivan.local" failures="0" tests="1" name="EvenOddCheckerUnitTests" time="0.006" errors="0" timestamp="2024-12-13T05:41:04 MSK" skipped="0">
  <testcase classname="EvenOddCheckerUnitTests" name="testEvenOddChecker" time="0.006"/>
</testsuite> <!-- EvenOddCheckerUnitTests -->
